Flow report for square_root
Thu Dec 26 06:42:58 2024
Quartus Prime Version 21.1.1 Build 850 06/23/2022 SJ Standard Edition


---------------------
; Table of Contents ;
---------------------
  1. Legal Notice
  2. Flow Summary
  3. Flow Settings
  4. Flow Non-Default Global Settings
  5. Flow Elapsed Time
  6. Flow OS Summary
  7. Flow Log
  8. Flow Messages
  9. Flow Suppressed Messages



----------------
; Legal Notice ;
----------------
Copyright (C) 2022  Intel Corporation. All rights reserved.
Your use of Intel Corporation's design tools, logic functions 
and other software and tools, and any partner logic 
functions, and any output files from any of the foregoing 
(including device programming or simulation files), and any 
associated documentation or information are expressly subject 
to the terms and conditions of the Intel Program License 
Subscription Agreement, the Intel Quartus Prime License Agreement,
the Intel FPGA IP License Agreement, or other applicable license
agreement, including, without limitation, that your use is for
the sole purpose of programming logic devices manufactured by
Intel and sold by Intel or its authorized distributors.  Please
refer to the applicable agreement for further details, at
https://fpgasoftware.intel.com/eula.



+-----------------------------------------------------------------------------------+
; Flow Summary                                                                      ;
+---------------------------------+-------------------------------------------------+
; Flow Status                     ; Successful - Thu Dec 26 06:42:52 2024           ;
; Quartus Prime Version           ; 21.1.1 Build 850 06/23/2022 SJ Standard Edition ;
; Revision Name                   ; square_root                                     ;
; Top-level Entity Name           ; square_root                                     ;
; Family                          ; Cyclone V                                       ;
; Device                          ; 5CGXFC7C7F23C8                                  ;
; Timing Models                   ; Final                                           ;
; Logic utilization (in ALMs)     ; 160 / 56,480 ( < 1 % )                          ;
; Total registers                 ; 248                                             ;
; Total pins                      ; 100 / 268 ( 37 % )                              ;
; Total virtual pins              ; 0                                               ;
; Total block memory bits         ; 0 / 7,024,640 ( 0 % )                           ;
; Total DSP Blocks                ; 0 / 156 ( 0 % )                                 ;
; Total HSSI RX PCSs              ; 0 / 6 ( 0 % )                                   ;
; Total HSSI PMA RX Deserializers ; 0 / 6 ( 0 % )                                   ;
; Total HSSI TX PCSs              ; 0 / 6 ( 0 % )                                   ;
; Total HSSI PMA TX Serializers   ; 0 / 6 ( 0 % )                                   ;
; Total PLLs                      ; 0 / 13 ( 0 % )                                  ;
; Total DLLs                      ; 0 / 4 ( 0 % )                                   ;
+---------------------------------+-------------------------------------------------+


+-----------------------------------------+
; Flow Settings                           ;
+-------------------+---------------------+
; Option            ; Setting             ;
+-------------------+---------------------+
; Start date & time ; 12/26/2024 06:42:12 ;
; Main task         ; Compilation         ;
; Revision Name     ; square_root         ;
+-------------------+---------------------+


+-------------------------------------------------------------------------------------------------------+
; Flow Non-Default Global Settings                                                                      ;
+--------------------------+---------------------------------+---------------+-------------+------------+
; Assignment Name          ; Value                           ; Default Value ; Entity Name ; Section Id ;
+--------------------------+---------------------------------+---------------+-------------+------------+
; COMPILER_SIGNATURE_ID    ; 119007303487932.173519173239423 ; --            ; --          ; --         ;
; MAX_CORE_JUNCTION_TEMP   ; 85                              ; --            ; --          ; --         ;
; MIN_CORE_JUNCTION_TEMP   ; 0                               ; --            ; --          ; --         ;
; PROJECT_OUTPUT_DIRECTORY ; output_files                    ; --            ; --          ; --         ;
+--------------------------+---------------------------------+---------------+-------------+------------+


+--------------------------------------------------------------------------------------------------------------------------+
; Flow Elapsed Time                                                                                                        ;
+----------------------+--------------+-------------------------+---------------------+------------------------------------+
; Module Name          ; Elapsed Time ; Average Processors Used ; Peak Virtual Memory ; Total CPU Time (on all processors) ;
+----------------------+--------------+-------------------------+---------------------+------------------------------------+
; Analysis & Synthesis ; 00:00:07     ; 1.0                     ; 575 MB              ; 00:00:14                           ;
; Fitter               ; 00:00:25     ; 1.1                     ; 2781 MB             ; 00:01:30                           ;
; Assembler            ; 00:00:05     ; 1.0                     ; 506 MB              ; 00:00:04                           ;
; Timing Analyzer      ; 00:00:06     ; 1.1                     ; 1237 MB             ; 00:00:06                           ;
; Total                ; 00:00:43     ; --                      ; --                  ; 00:01:54                           ;
+----------------------+--------------+-------------------------+---------------------+------------------------------------+


+------------------------------------------------------------------------------------------+
; Flow OS Summary                                                                          ;
+----------------------+------------------+------------------+------------+----------------+
; Module Name          ; Machine Hostname ; OS Name          ; OS Version ; Processor type ;
+----------------------+------------------+------------------+------------+----------------+
; Analysis & Synthesis ; tp-3b07-12       ; Debian GNU/Linux ; 12         ; x86_64         ;
; Fitter               ; tp-3b07-12       ; Debian GNU/Linux ; 12         ; x86_64         ;
; Assembler            ; tp-3b07-12       ; Debian GNU/Linux ; 12         ; x86_64         ;
; Timing Analyzer      ; tp-3b07-12       ; Debian GNU/Linux ; 12         ; x86_64         ;
+----------------------+------------------+------------------+------------+----------------+


------------
; Flow Log ;
------------
quartus_map --read_settings_files=on --write_settings_files=off syn_a2 -c square_root
quartus_fit --read_settings_files=off --write_settings_files=off syn_a2 -c square_root
quartus_asm --read_settings_files=off --write_settings_files=off syn_a2 -c square_root
quartus_sta syn_a2 -c square_root



